<?xml version="1.0" encoding="UTF-8"?>
<testsuite name="PingPongTest" tests="2" skipped="0" failures="0" errors="0" timestamp="2016-01-04T19:34:07" hostname="epicodus-38.local" time="0.001">
  <properties/>
  <testcase name="pingPong_forMultipleOf3_addPingInsteadOfNumber" classname="PingPongTest" time="0.001"/>
  <testcase name="pingPong_forANumber_listUpToThatNumber" classname="PingPongTest" time="0.0"/>
  <system-out><![CDATA[]]></system-out>
  <system-err><![CDATA[]]></system-err>
</testsuite>
