<?xml version="1.0" encoding="UTF-8"?>
<testsuite name="PingPongTest" tests="1" skipped="0" failures="0" errors="0" timestamp="2016-01-04T19:24:40" hostname="epicodus-38.local" time="0.001">
  <properties/>
  <testcase name="pingPong_forANumber_listUpToThatNumber" classname="PingPongTest" time="0.001"/>
  <system-out><![CDATA[]]></system-out>
  <system-err><![CDATA[]]></system-err>
</testsuite>
